2026-03-16 19:42:05,390 - ERROR - Health check failed: HTTPConnectionPool(host='host.docker.internal', port=3000): Max retries exceeded with url: / (Caused by NameResolutionError("HTTPConnection(host='host.docker.internal', port=3000): Failed to resolve 'host.docker.internal' ([Errno -2] Name or service not known)"))
2026-03-16 19:42:06,396 - ERROR - Endpoint root failed: HTTPConnectionPool(host='host.docker.internal', port=3000): Max retries exceeded with url: / (Caused by NameResolutionError("HTTPConnection(host='host.docker.internal', port=3000): Failed to resolve 'host.docker.internal' ([Errno -2] Name or service not known)"))
2026-03-16 19:42:06,400 - ERROR - Endpoint products failed: HTTPConnectionPool(host='host.docker.internal', port=3000): Max retries exceeded with url: /api/products (Caused by NameResolutionError("HTTPConnection(host='host.docker.internal', port=3000): Failed to resolve 'host.docker.internal' ([Errno -2] Name or service not known)"))
2026-03-16 19:42:06,404 - ERROR - Endpoint create_product failed: HTTPConnectionPool(host='host.docker.internal', port=3000): Max retries exceeded with url: /api/products (Caused by NameResolutionError("HTTPConnection(host='host.docker.internal', port=3000): Failed to resolve 'host.docker.internal' ([Errno -2] Name or service not known)"))
2026-03-16 19:43:06,409 - ERROR - Health check failed: HTTPConnectionPool(host='host.docker.internal', port=3000): Max retries exceeded with url: / (Caused by NameResolutionError("HTTPConnection(host='host.docker.internal', port=3000): Failed to resolve 'host.docker.internal' ([Errno -2] Name or service not known)"))
2026-03-16 19:43:07,416 - ERROR - Endpoint root failed: HTTPConnectionPool(host='host.docker.internal', port=3000): Max retries exceeded with url: / (Caused by NameResolutionError("HTTPConnection(host='host.docker.internal', port=3000): Failed to resolve 'host.docker.internal' ([Errno -2] Name or service not known)"))
2026-03-16 19:43:07,420 - ERROR - Endpoint products failed: HTTPConnectionPool(host='host.docker.internal', port=3000): Max retries exceeded with url: /api/products (Caused by NameResolutionError("HTTPConnection(host='host.docker.internal', port=3000): Failed to resolve 'host.docker.internal' ([Errno -2] Name or service not known)"))
2026-03-16 19:43:07,425 - ERROR - Endpoint create_product failed: HTTPConnectionPool(host='host.docker.internal', port=3000): Max retries exceeded with url: /api/products (Caused by NameResolutionError("HTTPConnection(host='host.docker.internal', port=3000): Failed to resolve 'host.docker.internal' ([Errno -2] Name or service not known)"))
2026-03-16 19:43:07,426 - WARNING - ALERT: 6 consecutive failures detected!
2026-03-16 19:44:07,432 - ERROR - Health check failed: HTTPConnectionPool(host='host.docker.internal', port=3000): Max retries exceeded with url: / (Caused by NameResolutionError("HTTPConnection(host='host.docker.internal', port=3000): Failed to resolve 'host.docker.internal' ([Errno -2] Name or service not known)"))
2026-03-16 19:44:08,438 - ERROR - Endpoint root failed: HTTPConnectionPool(host='host.docker.internal', port=3000): Max retries exceeded with url: / (Caused by NameResolutionError("HTTPConnection(host='host.docker.internal', port=3000): Failed to resolve 'host.docker.internal' ([Errno -2] Name or service not known)"))
2026-03-16 19:44:08,443 - ERROR - Endpoint products failed: HTTPConnectionPool(host='host.docker.internal', port=3000): Max retries exceeded with url: /api/products (Caused by NameResolutionError("HTTPConnection(host='host.docker.internal', port=3000): Failed to resolve 'host.docker.internal' ([Errno -2] Name or service not known)"))
2026-03-16 19:44:08,448 - ERROR - Endpoint create_product failed: HTTPConnectionPool(host='host.docker.internal', port=3000): Max retries exceeded with url: /api/products (Caused by NameResolutionError("HTTPConnection(host='host.docker.internal', port=3000): Failed to resolve 'host.docker.internal' ([Errno -2] Name or service not known)"))
2026-03-16 19:44:08,448 - WARNING - ALERT: 9 consecutive failures detected!
2026-03-16 19:45:08,452 - ERROR - Health check failed: HTTPConnectionPool(host='host.docker.internal', port=3000): Max retries exceeded with url: / (Caused by NameResolutionError("HTTPConnection(host='host.docker.internal', port=3000): Failed to resolve 'host.docker.internal' ([Errno -2] Name or service not known)"))
2026-03-16 19:45:09,458 - ERROR - Endpoint root failed: HTTPConnectionPool(host='host.docker.internal', port=3000): Max retries exceeded with url: / (Caused by NameResolutionError("HTTPConnection(host='host.docker.internal', port=3000): Failed to resolve 'host.docker.internal' ([Errno -2] Name or service not known)"))
2026-03-16 19:45:09,462 - ERROR - Endpoint products failed: HTTPConnectionPool(host='host.docker.internal', port=3000): Max retries exceeded with url: /api/products (Caused by NameResolutionError("HTTPConnection(host='host.docker.internal', port=3000): Failed to resolve 'host.docker.internal' ([Errno -2] Name or service not known)"))
2026-03-16 19:45:09,466 - ERROR - Endpoint create_product failed: HTTPConnectionPool(host='host.docker.internal', port=3000): Max retries exceeded with url: /api/products (Caused by NameResolutionError("HTTPConnection(host='host.docker.internal', port=3000): Failed to resolve 'host.docker.internal' ([Errno -2] Name or service not known)"))
2026-03-16 19:45:09,466 - WARNING - ALERT: 12 consecutive failures detected!
2026-03-16 19:46:09,471 - ERROR - Health check failed: HTTPConnectionPool(host='host.docker.internal', port=3000): Max retries exceeded with url: / (Caused by NameResolutionError("HTTPConnection(host='host.docker.internal', port=3000): Failed to resolve 'host.docker.internal' ([Errno -2] Name or service not known)"))
2026-03-16 19:46:10,477 - ERROR - Endpoint root failed: HTTPConnectionPool(host='host.docker.internal', port=3000): Max retries exceeded with url: / (Caused by NameResolutionError("HTTPConnection(host='host.docker.internal', port=3000): Failed to resolve 'host.docker.internal' ([Errno -2] Name or service not known)"))
2026-03-16 19:46:10,482 - ERROR - Endpoint products failed: HTTPConnectionPool(host='host.docker.internal', port=3000): Max retries exceeded with url: /api/products (Caused by NameResolutionError("HTTPConnection(host='host.docker.internal', port=3000): Failed to resolve 'host.docker.internal' ([Errno -2] Name or service not known)"))
2026-03-16 19:46:10,486 - ERROR - Endpoint create_product failed: HTTPConnectionPool(host='host.docker.internal', port=3000): Max retries exceeded with url: /api/products (Caused by NameResolutionError("HTTPConnection(host='host.docker.internal', port=3000): Failed to resolve 'host.docker.internal' ([Errno -2] Name or service not known)"))
2026-03-16 19:46:10,487 - WARNING - ALERT: 15 consecutive failures detected!
2026-03-16 19:47:10,492 - ERROR - Health check failed: HTTPConnectionPool(host='host.docker.internal', port=3000): Max retries exceeded with url: / (Caused by NameResolutionError("HTTPConnection(host='host.docker.internal', port=3000): Failed to resolve 'host.docker.internal' ([Errno -2] Name or service not known)"))
2026-03-16 19:47:11,496 - ERROR - Endpoint root failed: HTTPConnectionPool(host='host.docker.internal', port=3000): Max retries exceeded with url: / (Caused by NameResolutionError("HTTPConnection(host='host.docker.internal', port=3000): Failed to resolve 'host.docker.internal' ([Errno -2] Name or service not known)"))
2026-03-16 19:47:11,500 - ERROR - Endpoint products failed: HTTPConnectionPool(host='host.docker.internal', port=3000): Max retries exceeded with url: /api/products (Caused by NameResolutionError("HTTPConnection(host='host.docker.internal', port=3000): Failed to resolve 'host.docker.internal' ([Errno -2] Name or service not known)"))
2026-03-16 19:47:11,503 - ERROR - Endpoint create_product failed: HTTPConnectionPool(host='host.docker.internal', port=3000): Max retries exceeded with url: /api/products (Caused by NameResolutionError("HTTPConnection(host='host.docker.internal', port=3000): Failed to resolve 'host.docker.internal' ([Errno -2] Name or service not known)"))
2026-03-16 19:47:11,503 - WARNING - ALERT: 18 consecutive failures detected!
2026-03-16 19:48:11,538 - ERROR - Health check failed: HTTPConnectionPool(host='host.docker.internal', port=3000): Max retries exceeded with url: / (Caused by NameResolutionError("HTTPConnection(host='host.docker.internal', port=3000): Failed to resolve 'host.docker.internal' ([Errno -2] Name or service not known)"))
2026-03-16 19:48:12,544 - ERROR - Endpoint root failed: HTTPConnectionPool(host='host.docker.internal', port=3000): Max retries exceeded with url: / (Caused by NameResolutionError("HTTPConnection(host='host.docker.internal', port=3000): Failed to resolve 'host.docker.internal' ([Errno -2] Name or service not known)"))
2026-03-16 19:48:12,548 - ERROR - Endpoint products failed: HTTPConnectionPool(host='host.docker.internal', port=3000): Max retries exceeded with url: /api/products (Caused by NameResolutionError("HTTPConnection(host='host.docker.internal', port=3000): Failed to resolve 'host.docker.internal' ([Errno -2] Name or service not known)"))
2026-03-16 19:48:12,553 - ERROR - Endpoint create_product failed: HTTPConnectionPool(host='host.docker.internal', port=3000): Max retries exceeded with url: /api/products (Caused by NameResolutionError("HTTPConnection(host='host.docker.internal', port=3000): Failed to resolve 'host.docker.internal' ([Errno -2] Name or service not known)"))
2026-03-16 19:48:12,553 - WARNING - ALERT: 21 consecutive failures detected!
2026-03-16 19:49:12,560 - ERROR - Health check failed: HTTPConnectionPool(host='host.docker.internal', port=3000): Max retries exceeded with url: / (Caused by NameResolutionError("HTTPConnection(host='host.docker.internal', port=3000): Failed to resolve 'host.docker.internal' ([Errno -2] Name or service not known)"))
2026-03-16 19:49:13,565 - ERROR - Endpoint root failed: HTTPConnectionPool(host='host.docker.internal', port=3000): Max retries exceeded with url: / (Caused by NameResolutionError("HTTPConnection(host='host.docker.internal', port=3000): Failed to resolve 'host.docker.internal' ([Errno -2] Name or service not known)"))
2026-03-16 19:49:13,569 - ERROR - Endpoint products failed: HTTPConnectionPool(host='host.docker.internal', port=3000): Max retries exceeded with url: /api/products (Caused by NameResolutionError("HTTPConnection(host='host.docker.internal', port=3000): Failed to resolve 'host.docker.internal' ([Errno -2] Name or service not known)"))
2026-03-16 19:49:13,573 - ERROR - Endpoint create_product failed: HTTPConnectionPool(host='host.docker.internal', port=3000): Max retries exceeded with url: /api/products (Caused by NameResolutionError("HTTPConnection(host='host.docker.internal', port=3000): Failed to resolve 'host.docker.internal' ([Errno -2] Name or service not known)"))
2026-03-16 19:49:13,573 - WARNING - ALERT: 24 consecutive failures detected!
2026-03-16 19:50:13,579 - ERROR - Health check failed: HTTPConnectionPool(host='host.docker.internal', port=3000): Max retries exceeded with url: / (Caused by NameResolutionError("HTTPConnection(host='host.docker.internal', port=3000): Failed to resolve 'host.docker.internal' ([Errno -2] Name or service not known)"))
2026-03-16 19:50:14,585 - ERROR - Endpoint root failed: HTTPConnectionPool(host='host.docker.internal', port=3000): Max retries exceeded with url: / (Caused by NameResolutionError("HTTPConnection(host='host.docker.internal', port=3000): Failed to resolve 'host.docker.internal' ([Errno -2] Name or service not known)"))
2026-03-16 19:50:14,589 - ERROR - Endpoint products failed: HTTPConnectionPool(host='host.docker.internal', port=3000): Max retries exceeded with url: /api/products (Caused by NameResolutionError("HTTPConnection(host='host.docker.internal', port=3000): Failed to resolve 'host.docker.internal' ([Errno -2] Name or service not known)"))
2026-03-16 19:50:14,593 - ERROR - Endpoint create_product failed: HTTPConnectionPool(host='host.docker.internal', port=3000): Max retries exceeded with url: /api/products (Caused by NameResolutionError("HTTPConnection(host='host.docker.internal', port=3000): Failed to resolve 'host.docker.internal' ([Errno -2] Name or service not known)"))
2026-03-16 19:50:14,594 - WARNING - ALERT: 27 consecutive failures detected!
2026-03-16 19:51:14,598 - ERROR - Health check failed: HTTPConnectionPool(host='host.docker.internal', port=3000): Max retries exceeded with url: / (Caused by NameResolutionError("HTTPConnection(host='host.docker.internal', port=3000): Failed to resolve 'host.docker.internal' ([Errno -2] Name or service not known)"))
2026-03-16 19:51:15,603 - ERROR - Endpoint root failed: HTTPConnectionPool(host='host.docker.internal', port=3000): Max retries exceeded with url: / (Caused by NameResolutionError("HTTPConnection(host='host.docker.internal', port=3000): Failed to resolve 'host.docker.internal' ([Errno -2] Name or service not known)"))
2026-03-16 19:51:15,607 - ERROR - Endpoint products failed: HTTPConnectionPool(host='host.docker.internal', port=3000): Max retries exceeded with url: /api/products (Caused by NameResolutionError("HTTPConnection(host='host.docker.internal', port=3000): Failed to resolve 'host.docker.internal' ([Errno -2] Name or service not known)"))
2026-03-16 19:51:15,611 - ERROR - Endpoint create_product failed: HTTPConnectionPool(host='host.docker.internal', port=3000): Max retries exceeded with url: /api/products (Caused by NameResolutionError("HTTPConnection(host='host.docker.internal', port=3000): Failed to resolve 'host.docker.internal' ([Errno -2] Name or service not known)"))
2026-03-16 19:51:15,611 - WARNING - ALERT: 30 consecutive failures detected!
2026-03-16 19:52:15,617 - ERROR - Health check failed: HTTPConnectionPool(host='host.docker.internal', port=3000): Max retries exceeded with url: / (Caused by NameResolutionError("HTTPConnection(host='host.docker.internal', port=3000): Failed to resolve 'host.docker.internal' ([Errno -2] Name or service not known)"))
2026-03-16 19:52:16,623 - ERROR - Endpoint root failed: HTTPConnectionPool(host='host.docker.internal', port=3000): Max retries exceeded with url: / (Caused by NameResolutionError("HTTPConnection(host='host.docker.internal', port=3000): Failed to resolve 'host.docker.internal' ([Errno -2] Name or service not known)"))
2026-03-16 19:52:16,628 - ERROR - Endpoint products failed: HTTPConnectionPool(host='host.docker.internal', port=3000): Max retries exceeded with url: /api/products (Caused by NameResolutionError("HTTPConnection(host='host.docker.internal', port=3000): Failed to resolve 'host.docker.internal' ([Errno -2] Name or service not known)"))
2026-03-16 19:52:16,632 - ERROR - Endpoint create_product failed: HTTPConnectionPool(host='host.docker.internal', port=3000): Max retries exceeded with url: /api/products (Caused by NameResolutionError("HTTPConnection(host='host.docker.internal', port=3000): Failed to resolve 'host.docker.internal' ([Errno -2] Name or service not known)"))
2026-03-16 19:52:16,633 - WARNING - ALERT: 33 consecutive failures detected!
2026-03-16 19:53:16,679 - ERROR - Health check failed: HTTPConnectionPool(host='host.docker.internal', port=3000): Max retries exceeded with url: / (Caused by NameResolutionError("HTTPConnection(host='host.docker.internal', port=3000): Failed to resolve 'host.docker.internal' ([Errno -2] Name or service not known)"))
2026-03-16 19:53:17,685 - ERROR - Endpoint root failed: HTTPConnectionPool(host='host.docker.internal', port=3000): Max retries exceeded with url: / (Caused by NameResolutionError("HTTPConnection(host='host.docker.internal', port=3000): Failed to resolve 'host.docker.internal' ([Errno -2] Name or service not known)"))
2026-03-16 19:53:17,689 - ERROR - Endpoint products failed: HTTPConnectionPool(host='host.docker.internal', port=3000): Max retries exceeded with url: /api/products (Caused by NameResolutionError("HTTPConnection(host='host.docker.internal', port=3000): Failed to resolve 'host.docker.internal' ([Errno -2] Name or service not known)"))
2026-03-16 19:53:17,693 - ERROR - Endpoint create_product failed: HTTPConnectionPool(host='host.docker.internal', port=3000): Max retries exceeded with url: /api/products (Caused by NameResolutionError("HTTPConnection(host='host.docker.internal', port=3000): Failed to resolve 'host.docker.internal' ([Errno -2] Name or service not known)"))
2026-03-16 19:53:17,693 - WARNING - ALERT: 36 consecutive failures detected!
2026-03-16 19:54:17,700 - ERROR - Health check failed: HTTPConnectionPool(host='host.docker.internal', port=3000): Max retries exceeded with url: / (Caused by NameResolutionError("HTTPConnection(host='host.docker.internal', port=3000): Failed to resolve 'host.docker.internal' ([Errno -2] Name or service not known)"))
2026-03-16 19:54:18,705 - ERROR - Endpoint root failed: HTTPConnectionPool(host='host.docker.internal', port=3000): Max retries exceeded with url: / (Caused by NameResolutionError("HTTPConnection(host='host.docker.internal', port=3000): Failed to resolve 'host.docker.internal' ([Errno -2] Name or service not known)"))
2026-03-16 19:54:18,709 - ERROR - Endpoint products failed: HTTPConnectionPool(host='host.docker.internal', port=3000): Max retries exceeded with url: /api/products (Caused by NameResolutionError("HTTPConnection(host='host.docker.internal', port=3000): Failed to resolve 'host.docker.internal' ([Errno -2] Name or service not known)"))
2026-03-16 19:54:18,713 - ERROR - Endpoint create_product failed: HTTPConnectionPool(host='host.docker.internal', port=3000): Max retries exceeded with url: /api/products (Caused by NameResolutionError("HTTPConnection(host='host.docker.internal', port=3000): Failed to resolve 'host.docker.internal' ([Errno -2] Name or service not known)"))
2026-03-16 19:54:18,713 - WARNING - ALERT: 39 consecutive failures detected!
2026-03-16 19:55:18,747 - ERROR - Health check failed: HTTPConnectionPool(host='host.docker.internal', port=3000): Max retries exceeded with url: / (Caused by NameResolutionError("HTTPConnection(host='host.docker.internal', port=3000): Failed to resolve 'host.docker.internal' ([Errno -2] Name or service not known)"))
2026-03-16 19:55:19,754 - ERROR - Endpoint root failed: HTTPConnectionPool(host='host.docker.internal', port=3000): Max retries exceeded with url: / (Caused by NameResolutionError("HTTPConnection(host='host.docker.internal', port=3000): Failed to resolve 'host.docker.internal' ([Errno -2] Name or service not known)"))
2026-03-16 19:55:19,759 - ERROR - Endpoint products failed: HTTPConnectionPool(host='host.docker.internal', port=3000): Max retries exceeded with url: /api/products (Caused by NameResolutionError("HTTPConnection(host='host.docker.internal', port=3000): Failed to resolve 'host.docker.internal' ([Errno -2] Name or service not known)"))
2026-03-16 19:55:19,765 - ERROR - Endpoint create_product failed: HTTPConnectionPool(host='host.docker.internal', port=3000): Max retries exceeded with url: /api/products (Caused by NameResolutionError("HTTPConnection(host='host.docker.internal', port=3000): Failed to resolve 'host.docker.internal' ([Errno -2] Name or service not known)"))
2026-03-16 19:55:19,765 - WARNING - ALERT: 42 consecutive failures detected!
2026-03-16 19:56:19,771 - ERROR - Health check failed: HTTPConnectionPool(host='host.docker.internal', port=3000): Max retries exceeded with url: / (Caused by NameResolutionError("HTTPConnection(host='host.docker.internal', port=3000): Failed to resolve 'host.docker.internal' ([Errno -2] Name or service not known)"))
2026-03-16 19:56:20,777 - ERROR - Endpoint root failed: HTTPConnectionPool(host='host.docker.internal', port=3000): Max retries exceeded with url: / (Caused by NameResolutionError("HTTPConnection(host='host.docker.internal', port=3000): Failed to resolve 'host.docker.internal' ([Errno -2] Name or service not known)"))
2026-03-16 19:56:20,781 - ERROR - Endpoint products failed: HTTPConnectionPool(host='host.docker.internal', port=3000): Max retries exceeded with url: /api/products (Caused by NameResolutionError("HTTPConnection(host='host.docker.internal', port=3000): Failed to resolve 'host.docker.internal' ([Errno -2] Name or service not known)"))
2026-03-16 19:56:20,785 - ERROR - Endpoint create_product failed: HTTPConnectionPool(host='host.docker.internal', port=3000): Max retries exceeded with url: /api/products (Caused by NameResolutionError("HTTPConnection(host='host.docker.internal', port=3000): Failed to resolve 'host.docker.internal' ([Errno -2] Name or service not known)"))
2026-03-16 19:56:20,786 - WARNING - ALERT: 45 consecutive failures detected!
2026-03-16 19:57:20,792 - ERROR - Health check failed: HTTPConnectionPool(host='host.docker.internal', port=3000): Max retries exceeded with url: / (Caused by NameResolutionError("HTTPConnection(host='host.docker.internal', port=3000): Failed to resolve 'host.docker.internal' ([Errno -2] Name or service not known)"))
2026-03-16 19:57:21,798 - ERROR - Endpoint root failed: HTTPConnectionPool(host='host.docker.internal', port=3000): Max retries exceeded with url: / (Caused by NameResolutionError("HTTPConnection(host='host.docker.internal', port=3000): Failed to resolve 'host.docker.internal' ([Errno -2] Name or service not known)"))
2026-03-16 19:57:21,803 - ERROR - Endpoint products failed: HTTPConnectionPool(host='host.docker.internal', port=3000): Max retries exceeded with url: /api/products (Caused by NameResolutionError("HTTPConnection(host='host.docker.internal', port=3000): Failed to resolve 'host.docker.internal' ([Errno -2] Name or service not known)"))
2026-03-16 19:57:21,807 - ERROR - Endpoint create_product failed: HTTPConnectionPool(host='host.docker.internal', port=3000): Max retries exceeded with url: /api/products (Caused by NameResolutionError("HTTPConnection(host='host.docker.internal', port=3000): Failed to resolve 'host.docker.internal' ([Errno -2] Name or service not known)"))
2026-03-16 19:57:21,808 - WARNING - ALERT: 48 consecutive failures detected!
2026-03-16 19:58:21,842 - ERROR - Health check failed: HTTPConnectionPool(host='host.docker.internal', port=3000): Max retries exceeded with url: / (Caused by NameResolutionError("HTTPConnection(host='host.docker.internal', port=3000): Failed to resolve 'host.docker.internal' ([Errno -2] Name or service not known)"))
2026-03-16 19:58:22,849 - ERROR - Endpoint root failed: HTTPConnectionPool(host='host.docker.internal', port=3000): Max retries exceeded with url: / (Caused by NameResolutionError("HTTPConnection(host='host.docker.internal', port=3000): Failed to resolve 'host.docker.internal' ([Errno -2] Name or service not known)"))
2026-03-16 19:58:22,855 - ERROR - Endpoint products failed: HTTPConnectionPool(host='host.docker.internal', port=3000): Max retries exceeded with url: /api/products (Caused by NameResolutionError("HTTPConnection(host='host.docker.internal', port=3000): Failed to resolve 'host.docker.internal' ([Errno -2] Name or service not known)"))
2026-03-16 19:58:22,862 - ERROR - Endpoint create_product failed: HTTPConnectionPool(host='host.docker.internal', port=3000): Max retries exceeded with url: /api/products (Caused by NameResolutionError("HTTPConnection(host='host.docker.internal', port=3000): Failed to resolve 'host.docker.internal' ([Errno -2] Name or service not known)"))
2026-03-16 19:58:22,862 - WARNING - ALERT: 51 consecutive failures detected!
2026-03-16 20:00:23,832 - ERROR - Health check failed: HTTPConnectionPool(host='host.docker.internal', port=3000): Max retries exceeded with url: / (Caused by NameResolutionError("HTTPConnection(host='host.docker.internal', port=3000): Failed to resolve 'host.docker.internal' ([Errno -2] Name or service not known)"))
2026-03-16 20:00:24,840 - ERROR - Endpoint root failed: HTTPConnectionPool(host='host.docker.internal', port=3000): Max retries exceeded with url: / (Caused by NameResolutionError("HTTPConnection(host='host.docker.internal', port=3000): Failed to resolve 'host.docker.internal' ([Errno -2] Name or service not known)"))
2026-03-16 20:00:24,845 - ERROR - Endpoint products failed: HTTPConnectionPool(host='host.docker.internal', port=3000): Max retries exceeded with url: /api/products (Caused by NameResolutionError("HTTPConnection(host='host.docker.internal', port=3000): Failed to resolve 'host.docker.internal' ([Errno -2] Name or service not known)"))
2026-03-16 20:00:24,850 - ERROR - Endpoint create_product failed: HTTPConnectionPool(host='host.docker.internal', port=3000): Max retries exceeded with url: /api/products (Caused by NameResolutionError("HTTPConnection(host='host.docker.internal', port=3000): Failed to resolve 'host.docker.internal' ([Errno -2] Name or service not known)"))
2026-03-16 20:01:24,854 - ERROR - Health check failed: HTTPConnectionPool(host='host.docker.internal', port=3000): Max retries exceeded with url: / (Caused by NameResolutionError("HTTPConnection(host='host.docker.internal', port=3000): Failed to resolve 'host.docker.internal' ([Errno -2] Name or service not known)"))
2026-03-16 20:01:25,858 - ERROR - Endpoint root failed: HTTPConnectionPool(host='host.docker.internal', port=3000): Max retries exceeded with url: / (Caused by NameResolutionError("HTTPConnection(host='host.docker.internal', port=3000): Failed to resolve 'host.docker.internal' ([Errno -2] Name or service not known)"))
2026-03-16 20:01:25,862 - ERROR - Endpoint products failed: HTTPConnectionPool(host='host.docker.internal', port=3000): Max retries exceeded with url: /api/products (Caused by NameResolutionError("HTTPConnection(host='host.docker.internal', port=3000): Failed to resolve 'host.docker.internal' ([Errno -2] Name or service not known)"))
2026-03-16 20:01:25,865 - ERROR - Endpoint create_product failed: HTTPConnectionPool(host='host.docker.internal', port=3000): Max retries exceeded with url: /api/products (Caused by NameResolutionError("HTTPConnection(host='host.docker.internal', port=3000): Failed to resolve 'host.docker.internal' ([Errno -2] Name or service not known)"))
2026-03-16 20:01:25,865 - WARNING - ALERT: 6 consecutive failures detected!
2026-03-16 20:02:25,871 - ERROR - Health check failed: HTTPConnectionPool(host='host.docker.internal', port=3000): Max retries exceeded with url: / (Caused by NameResolutionError("HTTPConnection(host='host.docker.internal', port=3000): Failed to resolve 'host.docker.internal' ([Errno -2] Name or service not known)"))
2026-03-16 20:02:26,876 - ERROR - Endpoint root failed: HTTPConnectionPool(host='host.docker.internal', port=3000): Max retries exceeded with url: / (Caused by NameResolutionError("HTTPConnection(host='host.docker.internal', port=3000): Failed to resolve 'host.docker.internal' ([Errno -2] Name or service not known)"))
2026-03-16 20:02:26,882 - ERROR - Endpoint products failed: HTTPConnectionPool(host='host.docker.internal', port=3000): Max retries exceeded with url: /api/products (Caused by NameResolutionError("HTTPConnection(host='host.docker.internal', port=3000): Failed to resolve 'host.docker.internal' ([Errno -2] Name or service not known)"))
2026-03-16 20:02:26,888 - ERROR - Endpoint create_product failed: HTTPConnectionPool(host='host.docker.internal', port=3000): Max retries exceeded with url: /api/products (Caused by NameResolutionError("HTTPConnection(host='host.docker.internal', port=3000): Failed to resolve 'host.docker.internal' ([Errno -2] Name or service not known)"))
2026-03-16 20:02:26,888 - WARNING - ALERT: 9 consecutive failures detected!
2026-03-16 20:03:00,315 - ERROR - Health check failed: HTTPConnectionPool(host='host.docker.internal', port=3000): Max retries exceeded with url: / (Caused by NameResolutionError("HTTPConnection(host='host.docker.internal', port=3000): Failed to resolve 'host.docker.internal' ([Errno -2] Name or service not known)"))
2026-03-16 20:03:01,334 - ERROR - Endpoint root failed: HTTPConnectionPool(host='host.docker.internal', port=3000): Max retries exceeded with url: / (Caused by NameResolutionError("HTTPConnection(host='host.docker.internal', port=3000): Failed to resolve 'host.docker.internal' ([Errno -2] Name or service not known)"))
2026-03-16 20:03:01,350 - ERROR - Endpoint products failed: HTTPConnectionPool(host='host.docker.internal', port=3000): Max retries exceeded with url: /api/products (Caused by NameResolutionError("HTTPConnection(host='host.docker.internal', port=3000): Failed to resolve 'host.docker.internal' ([Errno -2] Name or service not known)"))
2026-03-16 20:03:01,364 - ERROR - Endpoint create_product failed: HTTPConnectionPool(host='host.docker.internal', port=3000): Max retries exceeded with url: /api/products (Caused by NameResolutionError("HTTPConnection(host='host.docker.internal', port=3000): Failed to resolve 'host.docker.internal' ([Errno -2] Name or service not known)"))
2026-03-16 20:10:44,323 - INFO - Health check: up - 107.45072364807129ms
2026-03-16 20:10:44,338 - INFO - Endpoint Root: up - 14.411449432373047ms
2026-03-16 20:10:44,507 - INFO - Endpoint Get All Products: up - 167.99688339233398ms
2026-03-16 20:10:44,523 - WARNING - Endpoint Get Product by ID: degraded - 15.076637268066406ms
2026-03-16 20:11:15,536 - INFO - Health check: up - 10.514497756958008ms
2026-03-16 20:11:15,547 - INFO - Endpoint Root: up - 9.111881256103516ms
2026-03-16 20:11:15,562 - INFO - Endpoint Get All Products: up - 14.54305648803711ms
2026-03-16 20:11:15,576 - WARNING - Endpoint Get Product by ID: degraded - 12.943506240844727ms
2026-03-16 20:11:46,589 - INFO - Health check: up - 10.352134704589844ms
2026-03-16 20:11:46,600 - INFO - Endpoint Root: up - 9.288311004638672ms
2026-03-16 20:11:46,614 - INFO - Endpoint Get All Products: up - 13.080120086669922ms
2026-03-16 20:11:46,627 - WARNING - Endpoint Get Product by ID: degraded - 12.629508972167969ms
2026-03-16 20:12:17,642 - INFO - Health check: up - 9.410858154296875ms
2026-03-16 20:12:17,652 - INFO - Endpoint Root: up - 8.916616439819336ms
2026-03-16 20:12:17,665 - INFO - Endpoint Get All Products: up - 12.327194213867188ms
2026-03-16 20:12:17,677 - WARNING - Endpoint Get Product by ID: degraded - 10.793685913085938ms
2026-03-16 20:12:48,685 - INFO - Health check: up - 6.205081939697266ms
2026-03-16 20:12:48,692 - INFO - Endpoint Root: up - 5.996465682983398ms
2026-03-16 20:12:48,704 - INFO - Endpoint Get All Products: up - 11.035919189453125ms
2026-03-16 20:12:48,714 - WARNING - Endpoint Get Product by ID: degraded - 9.466171264648438ms
2026-03-16 20:13:19,722 - INFO - Health check: up - 5.328893661499023ms
2026-03-16 20:13:19,727 - INFO - Endpoint Root: up - 5.133390426635742ms
2026-03-16 20:13:19,739 - INFO - Endpoint Get All Products: up - 11.212587356567383ms
2026-03-16 20:13:19,749 - WARNING - Endpoint Get Product by ID: degraded - 9.073734283447266ms
2026-03-16 20:13:50,760 - INFO - Health check: up - 9.033918380737305ms
2026-03-16 20:13:50,771 - INFO - Endpoint Root: up - 9.90605354309082ms
2026-03-16 20:13:50,785 - INFO - Endpoint Get All Products: up - 12.963294982910156ms
2026-03-16 20:13:50,803 - WARNING - Endpoint Get Product by ID: degraded - 17.44818687438965ms
2026-03-16 20:14:21,814 - INFO - Health check: up - 7.03120231628418ms
2026-03-16 20:14:21,825 - INFO - Endpoint Root: up - 9.609222412109375ms
2026-03-16 20:14:21,841 - INFO - Endpoint Get All Products: up - 14.843225479125977ms
2026-03-16 20:14:21,857 - WARNING - Endpoint Get Product by ID: degraded - 14.491558074951172ms
2026-03-16 20:14:52,874 - INFO - Health check: up - 13.644695281982422ms
2026-03-16 20:14:52,885 - INFO - Endpoint Root: up - 9.945154190063477ms
2026-03-16 20:14:52,901 - INFO - Endpoint Get All Products: up - 13.299226760864258ms
2026-03-16 20:14:52,922 - WARNING - Endpoint Get Product by ID: degraded - 18.877029418945312ms
2026-03-16 20:15:23,956 - INFO - Health check: up - 11.456966400146484ms
2026-03-16 20:15:23,968 - INFO - Endpoint Root: up - 9.995698928833008ms
2026-03-16 20:15:23,980 - INFO - Endpoint Get All Products: up - 11.257648468017578ms
2026-03-16 20:15:23,994 - WARNING - Endpoint Get Product by ID: degraded - 12.238502502441406ms
2026-03-16 20:15:55,006 - INFO - Health check: up - 8.190393447875977ms
2026-03-16 20:15:55,014 - INFO - Endpoint Root: up - 7.479429244995117ms
2026-03-16 20:15:55,025 - INFO - Endpoint Get All Products: up - 9.930133819580078ms
2026-03-16 20:15:55,035 - WARNING - Endpoint Get Product by ID: degraded - 9.113311767578125ms
2026-03-16 20:16:26,045 - INFO - Health check: up - 7.435083389282227ms
2026-03-16 20:16:26,054 - INFO - Endpoint Root: up - 8.192062377929688ms
2026-03-16 20:16:26,066 - INFO - Endpoint Get All Products: up - 11.152029037475586ms
2026-03-16 20:16:26,079 - WARNING - Endpoint Get Product by ID: degraded - 11.298894882202148ms
